2013/06/23 18:51:45 [error] [system.db.CDbCommand] CDbCommand::execute() failed: SQLSTATE[23000]: Integrity constraint violation: 1452 Cannot add or update a child row: a foreign key constraint fails (`sgdiscover`.`tbl_post`, CONSTRAINT `FK_post_author` FOREIGN KEY (`author_id`) REFERENCES `tbl_user` (`id`) ON DELETE CASCADE). The SQL statement executed was: INSERT INTO `tbl_post` (`title`, `begin_time`, `end_time`, `location`, `category`, `content`, `tags`, `url`, `status`, `cost`, `create_time`, `update_time`, `author_id`) VALUES (:yp0, :yp1, :yp2, :yp3, :yp4, :yp5, :yp6, :yp7, :yp8, :yp9, :yp10, :yp11, :yp12).
in /Applications/MAMP/htdocs/yii/sgdiscover/protected/controllers/PostController.php (73)
in /Applications/MAMP/htdocs/yii/sgdiscover/index.php (13)
2013/06/23 18:51:45 [error] [exception.CDbException] exception 'CDbException' with message 'CDbCommand failed to execute the SQL statement: SQLSTATE[23000]: Integrity constraint violation: 1452 Cannot add or update a child row: a foreign key constraint fails (`sgdiscover`.`tbl_post`, CONSTRAINT `FK_post_author` FOREIGN KEY (`author_id`) REFERENCES `tbl_user` (`id`) ON DELETE CASCADE). The SQL statement executed was: INSERT INTO `tbl_post` (`title`, `begin_time`, `end_time`, `location`, `category`, `content`, `tags`, `url`, `status`, `cost`, `create_time`, `update_time`, `author_id`) VALUES (:yp0, :yp1, :yp2, :yp3, :yp4, :yp5, :yp6, :yp7, :yp8, :yp9, :yp10, :yp11, :yp12)' in /Applications/MAMP/htdocs/yii/framework/db/CDbCommand.php:357
Stack trace:
#0 /Applications/MAMP/htdocs/yii/framework/db/ar/CActiveRecord.php(1023): CDbCommand->execute()
#1 /Applications/MAMP/htdocs/yii/framework/db/ar/CActiveRecord.php(795): CActiveRecord->insert(NULL)
#2 /Applications/MAMP/htdocs/yii/sgdiscover/protected/controllers/PostController.php(73): CActiveRecord->save()
#3 /Applications/MAMP/htdocs/yii/framework/web/actions/CInlineAction.php(49): PostController->actionCreate()
#4 /Applications/MAMP/htdocs/yii/framework/web/CController.php(308): CInlineAction->runWithParams(Array)
#5 /Applications/MAMP/htdocs/yii/framework/web/filters/CFilterChain.php(133): CController->runAction(Object(CInlineAction))
#6 /Applications/MAMP/htdocs/yii/framework/web/filters/CFilter.php(40): CFilterChain->run()
#7 /Applications/MAMP/htdocs/yii/framework/web/CController.php(1145): CFilter->filter(Object(CFilterChain))
#8 /Applications/MAMP/htdocs/yii/framework/web/filters/CInlineFilter.php(58): CController->filterAccessControl(Object(CFilterChain))
#9 /Applications/MAMP/htdocs/yii/framework/web/filters/CFilterChain.php(130): CInlineFilter->filter(Object(CFilterChain))
#10 /Applications/MAMP/htdocs/yii/framework/web/CController.php(291): CFilterChain->run()
#11 /Applications/MAMP/htdocs/yii/framework/web/CController.php(265): CController->runActionWithFilters(Object(CInlineAction), Array)
#12 /Applications/MAMP/htdocs/yii/framework/web/CWebApplication.php(282): CController->run('create')
#13 /Applications/MAMP/htdocs/yii/framework/web/CWebApplication.php(141): CWebApplication->runController('post/create')
#14 /Applications/MAMP/htdocs/yii/framework/base/CApplication.php(169): CWebApplication->processRequest()
#15 /Applications/MAMP/htdocs/yii/sgdiscover/index.php(13): CApplication->run()
#16 {main}
REQUEST_URI=/yii/sgdiscover/index.php?r=post/create
HTTP_REFERER=http://127.0.0.1/yii/sgdiscover/index.php?r=post/create
---
2013/06/23 19:37:46 [warning] [application] Failed to set unsafe attribute "url" of "Post".
in /Applications/MAMP/htdocs/yii/sgdiscover/protected/controllers/PostController.php (72)
in /Applications/MAMP/htdocs/yii/sgdiscover/index.php (13)
2013/06/23 19:37:46 [error] [system.db.CDbCommand] CDbCommand::execute() failed: SQLSTATE[23000]: Integrity constraint violation: 1452 Cannot add or update a child row: a foreign key constraint fails (`sgdiscover`.`tbl_post`, CONSTRAINT `FK_post_author` FOREIGN KEY (`author_id`) REFERENCES `tbl_user` (`id`) ON DELETE CASCADE). The SQL statement executed was: INSERT INTO `tbl_post` (`title`, `begin_time`, `end_time`, `location`, `category`, `content`, `tags`, `status`, `cost`, `create_time`, `update_time`, `author_id`) VALUES (:yp0, :yp1, :yp2, :yp3, :yp4, :yp5, :yp6, :yp7, :yp8, :yp9, :yp10, :yp11).
in /Applications/MAMP/htdocs/yii/sgdiscover/protected/controllers/PostController.php (73)
in /Applications/MAMP/htdocs/yii/sgdiscover/index.php (13)
2013/06/23 19:37:46 [error] [exception.CDbException] exception 'CDbException' with message 'CDbCommand failed to execute the SQL statement: SQLSTATE[23000]: Integrity constraint violation: 1452 Cannot add or update a child row: a foreign key constraint fails (`sgdiscover`.`tbl_post`, CONSTRAINT `FK_post_author` FOREIGN KEY (`author_id`) REFERENCES `tbl_user` (`id`) ON DELETE CASCADE). The SQL statement executed was: INSERT INTO `tbl_post` (`title`, `begin_time`, `end_time`, `location`, `category`, `content`, `tags`, `status`, `cost`, `create_time`, `update_time`, `author_id`) VALUES (:yp0, :yp1, :yp2, :yp3, :yp4, :yp5, :yp6, :yp7, :yp8, :yp9, :yp10, :yp11)' in /Applications/MAMP/htdocs/yii/framework/db/CDbCommand.php:357
Stack trace:
#0 /Applications/MAMP/htdocs/yii/framework/db/ar/CActiveRecord.php(1023): CDbCommand->execute()
#1 /Applications/MAMP/htdocs/yii/framework/db/ar/CActiveRecord.php(795): CActiveRecord->insert(NULL)
#2 /Applications/MAMP/htdocs/yii/sgdiscover/protected/controllers/PostController.php(73): CActiveRecord->save()
#3 /Applications/MAMP/htdocs/yii/framework/web/actions/CInlineAction.php(49): PostController->actionCreate()
#4 /Applications/MAMP/htdocs/yii/framework/web/CController.php(308): CInlineAction->runWithParams(Array)
#5 /Applications/MAMP/htdocs/yii/framework/web/filters/CFilterChain.php(133): CController->runAction(Object(CInlineAction))
#6 /Applications/MAMP/htdocs/yii/framework/web/filters/CFilter.php(40): CFilterChain->run()
#7 /Applications/MAMP/htdocs/yii/framework/web/CController.php(1145): CFilter->filter(Object(CFilterChain))
#8 /Applications/MAMP/htdocs/yii/framework/web/filters/CInlineFilter.php(58): CController->filterAccessControl(Object(CFilterChain))
#9 /Applications/MAMP/htdocs/yii/framework/web/filters/CFilterChain.php(130): CInlineFilter->filter(Object(CFilterChain))
#10 /Applications/MAMP/htdocs/yii/framework/web/CController.php(291): CFilterChain->run()
#11 /Applications/MAMP/htdocs/yii/framework/web/CController.php(265): CController->runActionWithFilters(Object(CInlineAction), Array)
#12 /Applications/MAMP/htdocs/yii/framework/web/CWebApplication.php(282): CController->run('create')
#13 /Applications/MAMP/htdocs/yii/framework/web/CWebApplication.php(141): CWebApplication->runController('post/create')
#14 /Applications/MAMP/htdocs/yii/framework/base/CApplication.php(169): CWebApplication->processRequest()
#15 /Applications/MAMP/htdocs/yii/sgdiscover/index.php(13): CApplication->run()
#16 {main}
REQUEST_URI=/yii/sgdiscover/index.php?r=post/create
HTTP_REFERER=http://127.0.0.1/yii/sgdiscover/index.php?r=post/create
---
2013/06/23 19:37:54 [warning] [application] Failed to set unsafe attribute "url" of "Post".
in /Applications/MAMP/htdocs/yii/sgdiscover/protected/controllers/PostController.php (72)
in /Applications/MAMP/htdocs/yii/sgdiscover/index.php (13)
2013/06/23 19:39:11 [warning] [application] Failed to set unsafe attribute "url" of "Post".
in /Applications/MAMP/htdocs/yii/sgdiscover/protected/controllers/PostController.php (72)
in /Applications/MAMP/htdocs/yii/sgdiscover/index.php (13)
2013/06/23 19:39:11 [warning] [application] Failed to set unsafe attribute "author_id" of "Post".
in /Applications/MAMP/htdocs/yii/sgdiscover/protected/controllers/PostController.php (72)
in /Applications/MAMP/htdocs/yii/sgdiscover/index.php (13)
2013/06/23 19:39:11 [error] [system.db.CDbCommand] CDbCommand::execute() failed: SQLSTATE[23000]: Integrity constraint violation: 1452 Cannot add or update a child row: a foreign key constraint fails (`sgdiscover`.`tbl_post`, CONSTRAINT `FK_post_author` FOREIGN KEY (`author_id`) REFERENCES `tbl_user` (`id`) ON DELETE CASCADE). The SQL statement executed was: INSERT INTO `tbl_post` (`title`, `begin_time`, `end_time`, `location`, `category`, `content`, `tags`, `status`, `cost`, `create_time`, `update_time`) VALUES (:yp0, :yp1, :yp2, :yp3, :yp4, :yp5, :yp6, :yp7, :yp8, :yp9, :yp10).
in /Applications/MAMP/htdocs/yii/sgdiscover/protected/controllers/PostController.php (73)
in /Applications/MAMP/htdocs/yii/sgdiscover/index.php (13)
2013/06/23 19:39:11 [error] [exception.CDbException] exception 'CDbException' with message 'CDbCommand failed to execute the SQL statement: SQLSTATE[23000]: Integrity constraint violation: 1452 Cannot add or update a child row: a foreign key constraint fails (`sgdiscover`.`tbl_post`, CONSTRAINT `FK_post_author` FOREIGN KEY (`author_id`) REFERENCES `tbl_user` (`id`) ON DELETE CASCADE). The SQL statement executed was: INSERT INTO `tbl_post` (`title`, `begin_time`, `end_time`, `location`, `category`, `content`, `tags`, `status`, `cost`, `create_time`, `update_time`) VALUES (:yp0, :yp1, :yp2, :yp3, :yp4, :yp5, :yp6, :yp7, :yp8, :yp9, :yp10)' in /Applications/MAMP/htdocs/yii/framework/db/CDbCommand.php:357
Stack trace:
#0 /Applications/MAMP/htdocs/yii/framework/db/ar/CActiveRecord.php(1023): CDbCommand->execute()
#1 /Applications/MAMP/htdocs/yii/framework/db/ar/CActiveRecord.php(795): CActiveRecord->insert(NULL)
#2 /Applications/MAMP/htdocs/yii/sgdiscover/protected/controllers/PostController.php(73): CActiveRecord->save()
#3 /Applications/MAMP/htdocs/yii/framework/web/actions/CInlineAction.php(49): PostController->actionCreate()
#4 /Applications/MAMP/htdocs/yii/framework/web/CController.php(308): CInlineAction->runWithParams(Array)
#5 /Applications/MAMP/htdocs/yii/framework/web/filters/CFilterChain.php(133): CController->runAction(Object(CInlineAction))
#6 /Applications/MAMP/htdocs/yii/framework/web/filters/CFilter.php(40): CFilterChain->run()
#7 /Applications/MAMP/htdocs/yii/framework/web/CController.php(1145): CFilter->filter(Object(CFilterChain))
#8 /Applications/MAMP/htdocs/yii/framework/web/filters/CInlineFilter.php(58): CController->filterAccessControl(Object(CFilterChain))
#9 /Applications/MAMP/htdocs/yii/framework/web/filters/CFilterChain.php(130): CInlineFilter->filter(Object(CFilterChain))
#10 /Applications/MAMP/htdocs/yii/framework/web/CController.php(291): CFilterChain->run()
#11 /Applications/MAMP/htdocs/yii/framework/web/CController.php(265): CController->runActionWithFilters(Object(CInlineAction), Array)
#12 /Applications/MAMP/htdocs/yii/framework/web/CWebApplication.php(282): CController->run('create')
#13 /Applications/MAMP/htdocs/yii/framework/web/CWebApplication.php(141): CWebApplication->runController('post/create')
#14 /Applications/MAMP/htdocs/yii/framework/base/CApplication.php(169): CWebApplication->processRequest()
#15 /Applications/MAMP/htdocs/yii/sgdiscover/index.php(13): CApplication->run()
#16 {main}
REQUEST_URI=/yii/sgdiscover/index.php?r=post/create
HTTP_REFERER=http://127.0.0.1/yii/sgdiscover/index.php?r=post/create
---
2013/06/23 19:39:17 [warning] [application] Failed to set unsafe attribute "url" of "Post".
in /Applications/MAMP/htdocs/yii/sgdiscover/protected/controllers/PostController.php (72)
in /Applications/MAMP/htdocs/yii/sgdiscover/index.php (13)
2013/06/23 19:39:17 [warning] [application] Failed to set unsafe attribute "author_id" of "Post".
in /Applications/MAMP/htdocs/yii/sgdiscover/protected/controllers/PostController.php (72)
in /Applications/MAMP/htdocs/yii/sgdiscover/index.php (13)
2013/06/23 19:39:17 [error] [system.db.CDbCommand] CDbCommand::execute() failed: SQLSTATE[23000]: Integrity constraint violation: 1452 Cannot add or update a child row: a foreign key constraint fails (`sgdiscover`.`tbl_post`, CONSTRAINT `FK_post_author` FOREIGN KEY (`author_id`) REFERENCES `tbl_user` (`id`) ON DELETE CASCADE). The SQL statement executed was: INSERT INTO `tbl_post` (`title`, `begin_time`, `end_time`, `location`, `category`, `content`, `tags`, `status`, `cost`, `create_time`, `update_time`) VALUES (:yp0, :yp1, :yp2, :yp3, :yp4, :yp5, :yp6, :yp7, :yp8, :yp9, :yp10).
in /Applications/MAMP/htdocs/yii/sgdiscover/protected/controllers/PostController.php (73)
in /Applications/MAMP/htdocs/yii/sgdiscover/index.php (13)
2013/06/23 19:39:17 [error] [exception.CDbException] exception 'CDbException' with message 'CDbCommand failed to execute the SQL statement: SQLSTATE[23000]: Integrity constraint violation: 1452 Cannot add or update a child row: a foreign key constraint fails (`sgdiscover`.`tbl_post`, CONSTRAINT `FK_post_author` FOREIGN KEY (`author_id`) REFERENCES `tbl_user` (`id`) ON DELETE CASCADE). The SQL statement executed was: INSERT INTO `tbl_post` (`title`, `begin_time`, `end_time`, `location`, `category`, `content`, `tags`, `status`, `cost`, `create_time`, `update_time`) VALUES (:yp0, :yp1, :yp2, :yp3, :yp4, :yp5, :yp6, :yp7, :yp8, :yp9, :yp10)' in /Applications/MAMP/htdocs/yii/framework/db/CDbCommand.php:357
Stack trace:
#0 /Applications/MAMP/htdocs/yii/framework/db/ar/CActiveRecord.php(1023): CDbCommand->execute()
#1 /Applications/MAMP/htdocs/yii/framework/db/ar/CActiveRecord.php(795): CActiveRecord->insert(NULL)
#2 /Applications/MAMP/htdocs/yii/sgdiscover/protected/controllers/PostController.php(73): CActiveRecord->save()
#3 /Applications/MAMP/htdocs/yii/framework/web/actions/CInlineAction.php(49): PostController->actionCreate()
#4 /Applications/MAMP/htdocs/yii/framework/web/CController.php(308): CInlineAction->runWithParams(Array)
#5 /Applications/MAMP/htdocs/yii/framework/web/filters/CFilterChain.php(133): CController->runAction(Object(CInlineAction))
#6 /Applications/MAMP/htdocs/yii/framework/web/filters/CFilter.php(40): CFilterChain->run()
#7 /Applications/MAMP/htdocs/yii/framework/web/CController.php(1145): CFilter->filter(Object(CFilterChain))
#8 /Applications/MAMP/htdocs/yii/framework/web/filters/CInlineFilter.php(58): CController->filterAccessControl(Object(CFilterChain))
#9 /Applications/MAMP/htdocs/yii/framework/web/filters/CFilterChain.php(130): CInlineFilter->filter(Object(CFilterChain))
#10 /Applications/MAMP/htdocs/yii/framework/web/CController.php(291): CFilterChain->run()
#11 /Applications/MAMP/htdocs/yii/framework/web/CController.php(265): CController->runActionWithFilters(Object(CInlineAction), Array)
#12 /Applications/MAMP/htdocs/yii/framework/web/CWebApplication.php(282): CController->run('create')
#13 /Applications/MAMP/htdocs/yii/framework/web/CWebApplication.php(141): CWebApplication->runController('post/create')
#14 /Applications/MAMP/htdocs/yii/framework/base/CApplication.php(169): CWebApplication->processRequest()
#15 /Applications/MAMP/htdocs/yii/sgdiscover/index.php(13): CApplication->run()
#16 {main}
REQUEST_URI=/yii/sgdiscover/index.php?r=post/create
HTTP_REFERER=http://127.0.0.1/yii/sgdiscover/index.php?r=post/create
---
2013/06/23 19:39:41 [warning] [application] Failed to set unsafe attribute "url" of "Post".
in /Applications/MAMP/htdocs/yii/sgdiscover/protected/controllers/PostController.php (72)
in /Applications/MAMP/htdocs/yii/sgdiscover/index.php (13)
2013/06/23 19:39:41 [warning] [application] Failed to set unsafe attribute "author_id" of "Post".
in /Applications/MAMP/htdocs/yii/sgdiscover/protected/controllers/PostController.php (72)
in /Applications/MAMP/htdocs/yii/sgdiscover/index.php (13)
2013/06/23 19:39:41 [error] [php] preg_match(): No ending delimiter '/' found (/Applications/MAMP/htdocs/yii/framework/validators/CRegularExpressionValidator.php:50)
Stack trace:
#0 /Applications/MAMP/htdocs/yii/framework/base/CModel.php(159): CRegularExpressionValidator->validate()
#1 /Applications/MAMP/htdocs/yii/framework/db/ar/CActiveRecord.php(794): Post->validate()
#2 /Applications/MAMP/htdocs/yii/sgdiscover/protected/controllers/PostController.php(73): Post->save()
#3 /Applications/MAMP/htdocs/yii/framework/web/actions/CInlineAction.php(49): PostController->actionCreate()
#4 /Applications/MAMP/htdocs/yii/framework/web/CController.php(308): CInlineAction->runWithParams()
#5 /Applications/MAMP/htdocs/yii/framework/web/filters/CFilterChain.php(133): PostController->runAction()
#6 /Applications/MAMP/htdocs/yii/framework/web/filters/CFilter.php(40): CFilterChain->run()
#7 /Applications/MAMP/htdocs/yii/framework/web/CController.php(1145): CAccessControlFilter->filter()
#8 /Applications/MAMP/htdocs/yii/framework/web/filters/CInlineFilter.php(58): PostController->filterAccessControl()
#9 /Applications/MAMP/htdocs/yii/framework/web/filters/CFilterChain.php(130): CInlineFilter->filter()
#10 /Applications/MAMP/htdocs/yii/framework/web/CController.php(291): CFilterChain->run()
#11 /Applications/MAMP/htdocs/yii/framework/web/CController.php(265): PostController->runActionWithFilters()
#12 /Applications/MAMP/htdocs/yii/framework/web/CWebApplication.php(282): PostController->run()
#13 /Applications/MAMP/htdocs/yii/framework/web/CWebApplication.php(141): CWebApplication->runController()
#14 /Applications/MAMP/htdocs/yii/framework/base/CApplication.php(169): CWebApplication->processRequest()
#15 /Applications/MAMP/htdocs/yii/sgdiscover/index.php(13): CWebApplication->run()
REQUEST_URI=/yii/sgdiscover/index.php?r=post/create
in /Applications/MAMP/htdocs/yii/sgdiscover/protected/controllers/PostController.php (73)
in /Applications/MAMP/htdocs/yii/sgdiscover/index.php (13)
2013/06/23 19:39:48 [warning] [application] Failed to set unsafe attribute "url" of "Post".
in /Applications/MAMP/htdocs/yii/sgdiscover/protected/controllers/PostController.php (72)
in /Applications/MAMP/htdocs/yii/sgdiscover/index.php (13)
2013/06/23 19:39:48 [warning] [application] Failed to set unsafe attribute "author_id" of "Post".
in /Applications/MAMP/htdocs/yii/sgdiscover/protected/controllers/PostController.php (72)
in /Applications/MAMP/htdocs/yii/sgdiscover/index.php (13)
2013/06/23 19:39:48 [error] [php] preg_match(): No ending delimiter '/' found (/Applications/MAMP/htdocs/yii/framework/validators/CRegularExpressionValidator.php:50)
Stack trace:
#0 /Applications/MAMP/htdocs/yii/framework/base/CModel.php(159): CRegularExpressionValidator->validate()
#1 /Applications/MAMP/htdocs/yii/framework/db/ar/CActiveRecord.php(794): Post->validate()
#2 /Applications/MAMP/htdocs/yii/sgdiscover/protected/controllers/PostController.php(73): Post->save()
#3 /Applications/MAMP/htdocs/yii/framework/web/actions/CInlineAction.php(49): PostController->actionCreate()
#4 /Applications/MAMP/htdocs/yii/framework/web/CController.php(308): CInlineAction->runWithParams()
#5 /Applications/MAMP/htdocs/yii/framework/web/filters/CFilterChain.php(133): PostController->runAction()
#6 /Applications/MAMP/htdocs/yii/framework/web/filters/CFilter.php(40): CFilterChain->run()
#7 /Applications/MAMP/htdocs/yii/framework/web/CController.php(1145): CAccessControlFilter->filter()
#8 /Applications/MAMP/htdocs/yii/framework/web/filters/CInlineFilter.php(58): PostController->filterAccessControl()
#9 /Applications/MAMP/htdocs/yii/framework/web/filters/CFilterChain.php(130): CInlineFilter->filter()
#10 /Applications/MAMP/htdocs/yii/framework/web/CController.php(291): CFilterChain->run()
#11 /Applications/MAMP/htdocs/yii/framework/web/CController.php(265): PostController->runActionWithFilters()
#12 /Applications/MAMP/htdocs/yii/framework/web/CWebApplication.php(282): PostController->run()
#13 /Applications/MAMP/htdocs/yii/framework/web/CWebApplication.php(141): CWebApplication->runController()
#14 /Applications/MAMP/htdocs/yii/framework/base/CApplication.php(169): CWebApplication->processRequest()
#15 /Applications/MAMP/htdocs/yii/sgdiscover/index.php(13): CWebApplication->run()
REQUEST_URI=/yii/sgdiscover/index.php?r=post/create
in /Applications/MAMP/htdocs/yii/sgdiscover/protected/controllers/PostController.php (73)
in /Applications/MAMP/htdocs/yii/sgdiscover/index.php (13)
2013/06/23 19:40:02 [warning] [application] Failed to set unsafe attribute "url" of "Post".
in /Applications/MAMP/htdocs/yii/sgdiscover/protected/controllers/PostController.php (72)
in /Applications/MAMP/htdocs/yii/sgdiscover/index.php (13)
2013/06/23 19:40:02 [warning] [application] Failed to set unsafe attribute "author_id" of "Post".
in /Applications/MAMP/htdocs/yii/sgdiscover/protected/controllers/PostController.php (72)
in /Applications/MAMP/htdocs/yii/sgdiscover/index.php (13)
2013/06/23 19:40:02 [error] [php] preg_match(): No ending delimiter '/' found (/Applications/MAMP/htdocs/yii/framework/validators/CRegularExpressionValidator.php:50)
Stack trace:
#0 /Applications/MAMP/htdocs/yii/framework/base/CModel.php(159): CRegularExpressionValidator->validate()
#1 /Applications/MAMP/htdocs/yii/framework/db/ar/CActiveRecord.php(794): Post->validate()
#2 /Applications/MAMP/htdocs/yii/sgdiscover/protected/controllers/PostController.php(73): Post->save()
#3 /Applications/MAMP/htdocs/yii/framework/web/actions/CInlineAction.php(49): PostController->actionCreate()
#4 /Applications/MAMP/htdocs/yii/framework/web/CController.php(308): CInlineAction->runWithParams()
#5 /Applications/MAMP/htdocs/yii/framework/web/filters/CFilterChain.php(133): PostController->runAction()
#6 /Applications/MAMP/htdocs/yii/framework/web/filters/CFilter.php(40): CFilterChain->run()
#7 /Applications/MAMP/htdocs/yii/framework/web/CController.php(1145): CAccessControlFilter->filter()
#8 /Applications/MAMP/htdocs/yii/framework/web/filters/CInlineFilter.php(58): PostController->filterAccessControl()
#9 /Applications/MAMP/htdocs/yii/framework/web/filters/CFilterChain.php(130): CInlineFilter->filter()
#10 /Applications/MAMP/htdocs/yii/framework/web/CController.php(291): CFilterChain->run()
#11 /Applications/MAMP/htdocs/yii/framework/web/CController.php(265): PostController->runActionWithFilters()
#12 /Applications/MAMP/htdocs/yii/framework/web/CWebApplication.php(282): PostController->run()
#13 /Applications/MAMP/htdocs/yii/framework/web/CWebApplication.php(141): CWebApplication->runController()
#14 /Applications/MAMP/htdocs/yii/framework/base/CApplication.php(169): CWebApplication->processRequest()
#15 /Applications/MAMP/htdocs/yii/sgdiscover/index.php(13): CWebApplication->run()
REQUEST_URI=/yii/sgdiscover/index.php?r=post/create
in /Applications/MAMP/htdocs/yii/sgdiscover/protected/controllers/PostController.php (73)
in /Applications/MAMP/htdocs/yii/sgdiscover/index.php (13)
2013/06/23 19:40:11 [warning] [application] Failed to set unsafe attribute "url" of "Post".
in /Applications/MAMP/htdocs/yii/sgdiscover/protected/controllers/PostController.php (72)
in /Applications/MAMP/htdocs/yii/sgdiscover/index.php (13)
2013/06/23 19:40:11 [warning] [application] Failed to set unsafe attribute "author_id" of "Post".
in /Applications/MAMP/htdocs/yii/sgdiscover/protected/controllers/PostController.php (72)
in /Applications/MAMP/htdocs/yii/sgdiscover/index.php (13)
2013/06/23 19:40:11 [error] [php] preg_match(): No ending delimiter '/' found (/Applications/MAMP/htdocs/yii/framework/validators/CRegularExpressionValidator.php:50)
Stack trace:
#0 /Applications/MAMP/htdocs/yii/framework/base/CModel.php(159): CRegularExpressionValidator->validate()
#1 /Applications/MAMP/htdocs/yii/framework/db/ar/CActiveRecord.php(794): Post->validate()
#2 /Applications/MAMP/htdocs/yii/sgdiscover/protected/controllers/PostController.php(73): Post->save()
#3 /Applications/MAMP/htdocs/yii/framework/web/actions/CInlineAction.php(49): PostController->actionCreate()
#4 /Applications/MAMP/htdocs/yii/framework/web/CController.php(308): CInlineAction->runWithParams()
#5 /Applications/MAMP/htdocs/yii/framework/web/filters/CFilterChain.php(133): PostController->runAction()
#6 /Applications/MAMP/htdocs/yii/framework/web/filters/CFilter.php(40): CFilterChain->run()
#7 /Applications/MAMP/htdocs/yii/framework/web/CController.php(1145): CAccessControlFilter->filter()
#8 /Applications/MAMP/htdocs/yii/framework/web/filters/CInlineFilter.php(58): PostController->filterAccessControl()
#9 /Applications/MAMP/htdocs/yii/framework/web/filters/CFilterChain.php(130): CInlineFilter->filter()
#10 /Applications/MAMP/htdocs/yii/framework/web/CController.php(291): CFilterChain->run()
#11 /Applications/MAMP/htdocs/yii/framework/web/CController.php(265): PostController->runActionWithFilters()
#12 /Applications/MAMP/htdocs/yii/framework/web/CWebApplication.php(282): PostController->run()
#13 /Applications/MAMP/htdocs/yii/framework/web/CWebApplication.php(141): CWebApplication->runController()
#14 /Applications/MAMP/htdocs/yii/framework/base/CApplication.php(169): CWebApplication->processRequest()
#15 /Applications/MAMP/htdocs/yii/sgdiscover/index.php(13): CWebApplication->run()
REQUEST_URI=/yii/sgdiscover/index.php?r=post/create
in /Applications/MAMP/htdocs/yii/sgdiscover/protected/controllers/PostController.php (73)
in /Applications/MAMP/htdocs/yii/sgdiscover/index.php (13)
2013/06/23 19:40:25 [warning] [application] Failed to set unsafe attribute "url" of "Post".
in /Applications/MAMP/htdocs/yii/sgdiscover/protected/controllers/PostController.php (72)
in /Applications/MAMP/htdocs/yii/sgdiscover/index.php (13)
2013/06/23 19:40:25 [warning] [application] Failed to set unsafe attribute "author_id" of "Post".
in /Applications/MAMP/htdocs/yii/sgdiscover/protected/controllers/PostController.php (72)
in /Applications/MAMP/htdocs/yii/sgdiscover/index.php (13)
2013/06/23 19:40:25 [error] [php] preg_match(): No ending delimiter '/' found (/Applications/MAMP/htdocs/yii/framework/validators/CRegularExpressionValidator.php:50)
Stack trace:
#0 /Applications/MAMP/htdocs/yii/framework/base/CModel.php(159): CRegularExpressionValidator->validate()
#1 /Applications/MAMP/htdocs/yii/framework/db/ar/CActiveRecord.php(794): Post->validate()
#2 /Applications/MAMP/htdocs/yii/sgdiscover/protected/controllers/PostController.php(73): Post->save()
#3 /Applications/MAMP/htdocs/yii/framework/web/actions/CInlineAction.php(49): PostController->actionCreate()
#4 /Applications/MAMP/htdocs/yii/framework/web/CController.php(308): CInlineAction->runWithParams()
#5 /Applications/MAMP/htdocs/yii/framework/web/filters/CFilterChain.php(133): PostController->runAction()
#6 /Applications/MAMP/htdocs/yii/framework/web/filters/CFilter.php(40): CFilterChain->run()
#7 /Applications/MAMP/htdocs/yii/framework/web/CController.php(1145): CAccessControlFilter->filter()
#8 /Applications/MAMP/htdocs/yii/framework/web/filters/CInlineFilter.php(58): PostController->filterAccessControl()
#9 /Applications/MAMP/htdocs/yii/framework/web/filters/CFilterChain.php(130): CInlineFilter->filter()
#10 /Applications/MAMP/htdocs/yii/framework/web/CController.php(291): CFilterChain->run()
#11 /Applications/MAMP/htdocs/yii/framework/web/CController.php(265): PostController->runActionWithFilters()
#12 /Applications/MAMP/htdocs/yii/framework/web/CWebApplication.php(282): PostController->run()
#13 /Applications/MAMP/htdocs/yii/framework/web/CWebApplication.php(141): CWebApplication->runController()
#14 /Applications/MAMP/htdocs/yii/framework/base/CApplication.php(169): CWebApplication->processRequest()
#15 /Applications/MAMP/htdocs/yii/sgdiscover/index.php(13): CWebApplication->run()
REQUEST_URI=/yii/sgdiscover/index.php?r=post/create
in /Applications/MAMP/htdocs/yii/sgdiscover/protected/controllers/PostController.php (73)
in /Applications/MAMP/htdocs/yii/sgdiscover/index.php (13)
2013/06/23 19:40:47 [warning] [application] Failed to set unsafe attribute "url" of "Post".
in /Applications/MAMP/htdocs/yii/sgdiscover/protected/controllers/PostController.php (72)
in /Applications/MAMP/htdocs/yii/sgdiscover/index.php (13)
2013/06/23 19:40:47 [warning] [application] Failed to set unsafe attribute "author_id" of "Post".
in /Applications/MAMP/htdocs/yii/sgdiscover/protected/controllers/PostController.php (72)
in /Applications/MAMP/htdocs/yii/sgdiscover/index.php (13)
2013/06/23 19:40:47 [error] [php] preg_match(): No ending delimiter '/' found (/Applications/MAMP/htdocs/yii/framework/validators/CRegularExpressionValidator.php:50)
Stack trace:
#0 /Applications/MAMP/htdocs/yii/framework/base/CModel.php(159): CRegularExpressionValidator->validate()
#1 /Applications/MAMP/htdocs/yii/framework/db/ar/CActiveRecord.php(794): Post->validate()
#2 /Applications/MAMP/htdocs/yii/sgdiscover/protected/controllers/PostController.php(73): Post->save()
#3 /Applications/MAMP/htdocs/yii/framework/web/actions/CInlineAction.php(49): PostController->actionCreate()
#4 /Applications/MAMP/htdocs/yii/framework/web/CController.php(308): CInlineAction->runWithParams()
#5 /Applications/MAMP/htdocs/yii/framework/web/filters/CFilterChain.php(133): PostController->runAction()
#6 /Applications/MAMP/htdocs/yii/framework/web/filters/CFilter.php(40): CFilterChain->run()
#7 /Applications/MAMP/htdocs/yii/framework/web/CController.php(1145): CAccessControlFilter->filter()
#8 /Applications/MAMP/htdocs/yii/framework/web/filters/CInlineFilter.php(58): PostController->filterAccessControl()
#9 /Applications/MAMP/htdocs/yii/framework/web/filters/CFilterChain.php(130): CInlineFilter->filter()
#10 /Applications/MAMP/htdocs/yii/framework/web/CController.php(291): CFilterChain->run()
#11 /Applications/MAMP/htdocs/yii/framework/web/CController.php(265): PostController->runActionWithFilters()
#12 /Applications/MAMP/htdocs/yii/framework/web/CWebApplication.php(282): PostController->run()
#13 /Applications/MAMP/htdocs/yii/framework/web/CWebApplication.php(141): CWebApplication->runController()
#14 /Applications/MAMP/htdocs/yii/framework/base/CApplication.php(169): CWebApplication->processRequest()
#15 /Applications/MAMP/htdocs/yii/sgdiscover/index.php(13): CWebApplication->run()
REQUEST_URI=/yii/sgdiscover/index.php?r=post/create
in /Applications/MAMP/htdocs/yii/sgdiscover/protected/controllers/PostController.php (73)
in /Applications/MAMP/htdocs/yii/sgdiscover/index.php (13)
2013/06/23 19:40:58 [warning] [application] Failed to set unsafe attribute "url" of "Post".
in /Applications/MAMP/htdocs/yii/sgdiscover/protected/controllers/PostController.php (72)
in /Applications/MAMP/htdocs/yii/sgdiscover/index.php (13)
2013/06/23 19:40:58 [warning] [application] Failed to set unsafe attribute "author_id" of "Post".
in /Applications/MAMP/htdocs/yii/sgdiscover/protected/controllers/PostController.php (72)
in /Applications/MAMP/htdocs/yii/sgdiscover/index.php (13)
2013/06/23 19:40:58 [error] [php] preg_match(): No ending delimiter '/' found (/Applications/MAMP/htdocs/yii/framework/validators/CRegularExpressionValidator.php:50)
Stack trace:
#0 /Applications/MAMP/htdocs/yii/framework/base/CModel.php(159): CRegularExpressionValidator->validate()
#1 /Applications/MAMP/htdocs/yii/framework/db/ar/CActiveRecord.php(794): Post->validate()
#2 /Applications/MAMP/htdocs/yii/sgdiscover/protected/controllers/PostController.php(73): Post->save()
#3 /Applications/MAMP/htdocs/yii/framework/web/actions/CInlineAction.php(49): PostController->actionCreate()
#4 /Applications/MAMP/htdocs/yii/framework/web/CController.php(308): CInlineAction->runWithParams()
#5 /Applications/MAMP/htdocs/yii/framework/web/filters/CFilterChain.php(133): PostController->runAction()
#6 /Applications/MAMP/htdocs/yii/framework/web/filters/CFilter.php(40): CFilterChain->run()
#7 /Applications/MAMP/htdocs/yii/framework/web/CController.php(1145): CAccessControlFilter->filter()
#8 /Applications/MAMP/htdocs/yii/framework/web/filters/CInlineFilter.php(58): PostController->filterAccessControl()
#9 /Applications/MAMP/htdocs/yii/framework/web/filters/CFilterChain.php(130): CInlineFilter->filter()
#10 /Applications/MAMP/htdocs/yii/framework/web/CController.php(291): CFilterChain->run()
#11 /Applications/MAMP/htdocs/yii/framework/web/CController.php(265): PostController->runActionWithFilters()
#12 /Applications/MAMP/htdocs/yii/framework/web/CWebApplication.php(282): PostController->run()
#13 /Applications/MAMP/htdocs/yii/framework/web/CWebApplication.php(141): CWebApplication->runController()
#14 /Applications/MAMP/htdocs/yii/framework/base/CApplication.php(169): CWebApplication->processRequest()
#15 /Applications/MAMP/htdocs/yii/sgdiscover/index.php(13): CWebApplication->run()
REQUEST_URI=/yii/sgdiscover/index.php?r=post/create
in /Applications/MAMP/htdocs/yii/sgdiscover/protected/controllers/PostController.php (73)
in /Applications/MAMP/htdocs/yii/sgdiscover/index.php (13)
2013/06/23 19:41:16 [warning] [application] Failed to set unsafe attribute "url" of "Post".
in /Applications/MAMP/htdocs/yii/sgdiscover/protected/controllers/PostController.php (72)
in /Applications/MAMP/htdocs/yii/sgdiscover/index.php (13)
2013/06/23 19:41:16 [warning] [application] Failed to set unsafe attribute "author_id" of "Post".
in /Applications/MAMP/htdocs/yii/sgdiscover/protected/controllers/PostController.php (72)
in /Applications/MAMP/htdocs/yii/sgdiscover/index.php (13)
2013/06/23 19:41:16 [error] [php] preg_match(): No ending delimiter '/' found (/Applications/MAMP/htdocs/yii/framework/validators/CRegularExpressionValidator.php:50)
Stack trace:
#0 /Applications/MAMP/htdocs/yii/framework/base/CModel.php(159): CRegularExpressionValidator->validate()
#1 /Applications/MAMP/htdocs/yii/framework/db/ar/CActiveRecord.php(794): Post->validate()
#2 /Applications/MAMP/htdocs/yii/sgdiscover/protected/controllers/PostController.php(73): Post->save()
#3 /Applications/MAMP/htdocs/yii/framework/web/actions/CInlineAction.php(49): PostController->actionCreate()
#4 /Applications/MAMP/htdocs/yii/framework/web/CController.php(308): CInlineAction->runWithParams()
#5 /Applications/MAMP/htdocs/yii/framework/web/filters/CFilterChain.php(133): PostController->runAction()
#6 /Applications/MAMP/htdocs/yii/framework/web/filters/CFilter.php(40): CFilterChain->run()
#7 /Applications/MAMP/htdocs/yii/framework/web/CController.php(1145): CAccessControlFilter->filter()
#8 /Applications/MAMP/htdocs/yii/framework/web/filters/CInlineFilter.php(58): PostController->filterAccessControl()
#9 /Applications/MAMP/htdocs/yii/framework/web/filters/CFilterChain.php(130): CInlineFilter->filter()
#10 /Applications/MAMP/htdocs/yii/framework/web/CController.php(291): CFilterChain->run()
#11 /Applications/MAMP/htdocs/yii/framework/web/CController.php(265): PostController->runActionWithFilters()
#12 /Applications/MAMP/htdocs/yii/framework/web/CWebApplication.php(282): PostController->run()
#13 /Applications/MAMP/htdocs/yii/framework/web/CWebApplication.php(141): CWebApplication->runController()
#14 /Applications/MAMP/htdocs/yii/framework/base/CApplication.php(169): CWebApplication->processRequest()
#15 /Applications/MAMP/htdocs/yii/sgdiscover/index.php(13): CWebApplication->run()
REQUEST_URI=/yii/sgdiscover/index.php?r=post/create
in /Applications/MAMP/htdocs/yii/sgdiscover/protected/controllers/PostController.php (73)
in /Applications/MAMP/htdocs/yii/sgdiscover/index.php (13)
2013/06/23 19:41:32 [warning] [application] Failed to set unsafe attribute "url" of "Post".
in /Applications/MAMP/htdocs/yii/sgdiscover/protected/controllers/PostController.php (72)
in /Applications/MAMP/htdocs/yii/sgdiscover/index.php (13)
2013/06/23 19:41:32 [warning] [application] Failed to set unsafe attribute "author_id" of "Post".
in /Applications/MAMP/htdocs/yii/sgdiscover/protected/controllers/PostController.php (72)
in /Applications/MAMP/htdocs/yii/sgdiscover/index.php (13)
2013/06/23 19:41:32 [error] [php] preg_match(): No ending delimiter '/' found (/Applications/MAMP/htdocs/yii/framework/validators/CRegularExpressionValidator.php:50)
Stack trace:
#0 /Applications/MAMP/htdocs/yii/framework/base/CModel.php(159): CRegularExpressionValidator->validate()
#1 /Applications/MAMP/htdocs/yii/framework/db/ar/CActiveRecord.php(794): Post->validate()
#2 /Applications/MAMP/htdocs/yii/sgdiscover/protected/controllers/PostController.php(73): Post->save()
#3 /Applications/MAMP/htdocs/yii/framework/web/actions/CInlineAction.php(49): PostController->actionCreate()
#4 /Applications/MAMP/htdocs/yii/framework/web/CController.php(308): CInlineAction->runWithParams()
#5 /Applications/MAMP/htdocs/yii/framework/web/filters/CFilterChain.php(133): PostController->runAction()
#6 /Applications/MAMP/htdocs/yii/framework/web/filters/CFilter.php(40): CFilterChain->run()
#7 /Applications/MAMP/htdocs/yii/framework/web/CController.php(1145): CAccessControlFilter->filter()
#8 /Applications/MAMP/htdocs/yii/framework/web/filters/CInlineFilter.php(58): PostController->filterAccessControl()
#9 /Applications/MAMP/htdocs/yii/framework/web/filters/CFilterChain.php(130): CInlineFilter->filter()
#10 /Applications/MAMP/htdocs/yii/framework/web/CController.php(291): CFilterChain->run()
#11 /Applications/MAMP/htdocs/yii/framework/web/CController.php(265): PostController->runActionWithFilters()
#12 /Applications/MAMP/htdocs/yii/framework/web/CWebApplication.php(282): PostController->run()
#13 /Applications/MAMP/htdocs/yii/framework/web/CWebApplication.php(141): CWebApplication->runController()
#14 /Applications/MAMP/htdocs/yii/framework/base/CApplication.php(169): CWebApplication->processRequest()
#15 /Applications/MAMP/htdocs/yii/sgdiscover/index.php(13): CWebApplication->run()
REQUEST_URI=/yii/sgdiscover/index.php?r=post/create
in /Applications/MAMP/htdocs/yii/sgdiscover/protected/controllers/PostController.php (73)
in /Applications/MAMP/htdocs/yii/sgdiscover/index.php (13)
2013/06/23 19:41:45 [warning] [application] Failed to set unsafe attribute "url" of "Post".
in /Applications/MAMP/htdocs/yii/sgdiscover/protected/controllers/PostController.php (72)
in /Applications/MAMP/htdocs/yii/sgdiscover/index.php (13)
2013/06/23 19:41:45 [warning] [application] Failed to set unsafe attribute "author_id" of "Post".
in /Applications/MAMP/htdocs/yii/sgdiscover/protected/controllers/PostController.php (72)
in /Applications/MAMP/htdocs/yii/sgdiscover/index.php (13)
2013/06/23 19:41:45 [error] [php] preg_match(): No ending delimiter '/' found (/Applications/MAMP/htdocs/yii/framework/validators/CRegularExpressionValidator.php:50)
Stack trace:
#0 /Applications/MAMP/htdocs/yii/framework/base/CModel.php(159): CRegularExpressionValidator->validate()
#1 /Applications/MAMP/htdocs/yii/framework/db/ar/CActiveRecord.php(794): Post->validate()
#2 /Applications/MAMP/htdocs/yii/sgdiscover/protected/controllers/PostController.php(73): Post->save()
#3 /Applications/MAMP/htdocs/yii/framework/web/actions/CInlineAction.php(49): PostController->actionCreate()
#4 /Applications/MAMP/htdocs/yii/framework/web/CController.php(308): CInlineAction->runWithParams()
#5 /Applications/MAMP/htdocs/yii/framework/web/filters/CFilterChain.php(133): PostController->runAction()
#6 /Applications/MAMP/htdocs/yii/framework/web/filters/CFilter.php(40): CFilterChain->run()
#7 /Applications/MAMP/htdocs/yii/framework/web/CController.php(1145): CAccessControlFilter->filter()
#8 /Applications/MAMP/htdocs/yii/framework/web/filters/CInlineFilter.php(58): PostController->filterAccessControl()
#9 /Applications/MAMP/htdocs/yii/framework/web/filters/CFilterChain.php(130): CInlineFilter->filter()
#10 /Applications/MAMP/htdocs/yii/framework/web/CController.php(291): CFilterChain->run()
#11 /Applications/MAMP/htdocs/yii/framework/web/CController.php(265): PostController->runActionWithFilters()
#12 /Applications/MAMP/htdocs/yii/framework/web/CWebApplication.php(282): PostController->run()
#13 /Applications/MAMP/htdocs/yii/framework/web/CWebApplication.php(141): CWebApplication->runController()
#14 /Applications/MAMP/htdocs/yii/framework/base/CApplication.php(169): CWebApplication->processRequest()
#15 /Applications/MAMP/htdocs/yii/sgdiscover/index.php(13): CWebApplication->run()
REQUEST_URI=/yii/sgdiscover/index.php?r=post/create
in /Applications/MAMP/htdocs/yii/sgdiscover/protected/controllers/PostController.php (73)
in /Applications/MAMP/htdocs/yii/sgdiscover/index.php (13)
2013/06/23 19:41:57 [warning] [application] Failed to set unsafe attribute "url" of "Post".
in /Applications/MAMP/htdocs/yii/sgdiscover/protected/controllers/PostController.php (72)
in /Applications/MAMP/htdocs/yii/sgdiscover/index.php (13)
2013/06/23 19:41:57 [warning] [application] Failed to set unsafe attribute "author_id" of "Post".
in /Applications/MAMP/htdocs/yii/sgdiscover/protected/controllers/PostController.php (72)
in /Applications/MAMP/htdocs/yii/sgdiscover/index.php (13)
2013/06/23 19:41:57 [error] [php] preg_match(): No ending delimiter '/' found (/Applications/MAMP/htdocs/yii/framework/validators/CRegularExpressionValidator.php:50)
Stack trace:
#0 /Applications/MAMP/htdocs/yii/framework/base/CModel.php(159): CRegularExpressionValidator->validate()
#1 /Applications/MAMP/htdocs/yii/framework/db/ar/CActiveRecord.php(794): Post->validate()
#2 /Applications/MAMP/htdocs/yii/sgdiscover/protected/controllers/PostController.php(73): Post->save()
#3 /Applications/MAMP/htdocs/yii/framework/web/actions/CInlineAction.php(49): PostController->actionCreate()
#4 /Applications/MAMP/htdocs/yii/framework/web/CController.php(308): CInlineAction->runWithParams()
#5 /Applications/MAMP/htdocs/yii/framework/web/filters/CFilterChain.php(133): PostController->runAction()
#6 /Applications/MAMP/htdocs/yii/framework/web/filters/CFilter.php(40): CFilterChain->run()
#7 /Applications/MAMP/htdocs/yii/framework/web/CController.php(1145): CAccessControlFilter->filter()
#8 /Applications/MAMP/htdocs/yii/framework/web/filters/CInlineFilter.php(58): PostController->filterAccessControl()
#9 /Applications/MAMP/htdocs/yii/framework/web/filters/CFilterChain.php(130): CInlineFilter->filter()
#10 /Applications/MAMP/htdocs/yii/framework/web/CController.php(291): CFilterChain->run()
#11 /Applications/MAMP/htdocs/yii/framework/web/CController.php(265): PostController->runActionWithFilters()
#12 /Applications/MAMP/htdocs/yii/framework/web/CWebApplication.php(282): PostController->run()
#13 /Applications/MAMP/htdocs/yii/framework/web/CWebApplication.php(141): CWebApplication->runController()
#14 /Applications/MAMP/htdocs/yii/framework/base/CApplication.php(169): CWebApplication->processRequest()
#15 /Applications/MAMP/htdocs/yii/sgdiscover/index.php(13): CWebApplication->run()
REQUEST_URI=/yii/sgdiscover/index.php?r=post/create
in /Applications/MAMP/htdocs/yii/sgdiscover/protected/controllers/PostController.php (73)
in /Applications/MAMP/htdocs/yii/sgdiscover/index.php (13)
2013/06/23 23:49:42 [error] [exception.CHttpException.404] exception 'CHttpException' with message 'Unable to resolve the request "spost".' in /Applications/MAMP/htdocs/yii/framework/web/CWebApplication.php:286
Stack trace:
#0 /Applications/MAMP/htdocs/yii/framework/web/CWebApplication.php(141): CWebApplication->runController('spost')
#1 /Applications/MAMP/htdocs/yii/framework/base/CApplication.php(169): CWebApplication->processRequest()
#2 /Applications/MAMP/htdocs/yii/sgdiscover/index.php(13): CApplication->run()
#3 {main}
REQUEST_URI=/yii/sgdiscover/index.php?r=spost
---
2013/06/23 23:49:46 [error] [php] include(CActiveProvider.php): failed to open stream: No such file or directory (/Applications/MAMP/htdocs/yii/framework/YiiBase.php:421)
Stack trace:
#0 /Applications/MAMP/htdocs/yii/sgdiscover/protected/controllers/PostController.php(139): spl_autoload_call()
#1 /Applications/MAMP/htdocs/yii/framework/web/actions/CInlineAction.php(49): PostController->actionIndex()
#2 /Applications/MAMP/htdocs/yii/framework/web/CController.php(308): CInlineAction->runWithParams()
#3 /Applications/MAMP/htdocs/yii/framework/web/filters/CFilterChain.php(133): PostController->runAction()
#4 /Applications/MAMP/htdocs/yii/framework/web/filters/CFilter.php(40): CFilterChain->run()
#5 /Applications/MAMP/htdocs/yii/framework/web/CController.php(1145): CAccessControlFilter->filter()
#6 /Applications/MAMP/htdocs/yii/framework/web/filters/CInlineFilter.php(58): PostController->filterAccessControl()
#7 /Applications/MAMP/htdocs/yii/framework/web/filters/CFilterChain.php(130): CInlineFilter->filter()
#8 /Applications/MAMP/htdocs/yii/framework/web/CController.php(291): CFilterChain->run()
#9 /Applications/MAMP/htdocs/yii/framework/web/CController.php(265): PostController->runActionWithFilters()
#10 /Applications/MAMP/htdocs/yii/framework/web/CWebApplication.php(282): PostController->run()
#11 /Applications/MAMP/htdocs/yii/framework/web/CWebApplication.php(141): CWebApplication->runController()
#12 /Applications/MAMP/htdocs/yii/framework/base/CApplication.php(169): CWebApplication->processRequest()
#13 /Applications/MAMP/htdocs/yii/sgdiscover/index.php(13): CWebApplication->run()
REQUEST_URI=/yii/sgdiscover/index.php?r=post
in /Applications/MAMP/htdocs/yii/sgdiscover/protected/controllers/PostController.php (139)
in /Applications/MAMP/htdocs/yii/sgdiscover/index.php (13)
2013/06/23 23:50:12 [error] [php] include(CActiveProvider.php): failed to open stream: No such file or directory (/Applications/MAMP/htdocs/yii/framework/YiiBase.php:421)
Stack trace:
#0 /Applications/MAMP/htdocs/yii/sgdiscover/protected/controllers/PostController.php(139): spl_autoload_call()
#1 /Applications/MAMP/htdocs/yii/framework/web/actions/CInlineAction.php(49): PostController->actionIndex()
#2 /Applications/MAMP/htdocs/yii/framework/web/CController.php(308): CInlineAction->runWithParams()
#3 /Applications/MAMP/htdocs/yii/framework/web/filters/CFilterChain.php(133): PostController->runAction()
#4 /Applications/MAMP/htdocs/yii/framework/web/filters/CFilter.php(40): CFilterChain->run()
#5 /Applications/MAMP/htdocs/yii/framework/web/CController.php(1145): CAccessControlFilter->filter()
#6 /Applications/MAMP/htdocs/yii/framework/web/filters/CInlineFilter.php(58): PostController->filterAccessControl()
#7 /Applications/MAMP/htdocs/yii/framework/web/filters/CFilterChain.php(130): CInlineFilter->filter()
#8 /Applications/MAMP/htdocs/yii/framework/web/CController.php(291): CFilterChain->run()
#9 /Applications/MAMP/htdocs/yii/framework/web/CController.php(265): PostController->runActionWithFilters()
#10 /Applications/MAMP/htdocs/yii/framework/web/CWebApplication.php(282): PostController->run()
#11 /Applications/MAMP/htdocs/yii/framework/web/CWebApplication.php(141): CWebApplication->runController()
#12 /Applications/MAMP/htdocs/yii/framework/base/CApplication.php(169): CWebApplication->processRequest()
#13 /Applications/MAMP/htdocs/yii/sgdiscover/index.php(13): CWebApplication->run()
REQUEST_URI=/yii/sgdiscover/index.php?r=post
in /Applications/MAMP/htdocs/yii/sgdiscover/protected/controllers/PostController.php (139)
in /Applications/MAMP/htdocs/yii/sgdiscover/index.php (13)
2013/06/23 23:53:05 [error] [php] include(CActiveProvider.php): failed to open stream: No such file or directory (/Applications/MAMP/htdocs/yii/framework/YiiBase.php:421)
Stack trace:
#0 /Applications/MAMP/htdocs/yii/sgdiscover/protected/controllers/PostController.php(139): spl_autoload_call()
#1 /Applications/MAMP/htdocs/yii/framework/web/actions/CInlineAction.php(49): PostController->actionIndex()
#2 /Applications/MAMP/htdocs/yii/framework/web/CController.php(308): CInlineAction->runWithParams()
#3 /Applications/MAMP/htdocs/yii/framework/web/filters/CFilterChain.php(133): PostController->runAction()
#4 /Applications/MAMP/htdocs/yii/framework/web/filters/CFilter.php(40): CFilterChain->run()
#5 /Applications/MAMP/htdocs/yii/framework/web/CController.php(1145): CAccessControlFilter->filter()
#6 /Applications/MAMP/htdocs/yii/framework/web/filters/CInlineFilter.php(58): PostController->filterAccessControl()
#7 /Applications/MAMP/htdocs/yii/framework/web/filters/CFilterChain.php(130): CInlineFilter->filter()
#8 /Applications/MAMP/htdocs/yii/framework/web/CController.php(291): CFilterChain->run()
#9 /Applications/MAMP/htdocs/yii/framework/web/CController.php(265): PostController->runActionWithFilters()
#10 /Applications/MAMP/htdocs/yii/framework/web/CWebApplication.php(282): PostController->run()
#11 /Applications/MAMP/htdocs/yii/framework/web/CWebApplication.php(141): CWebApplication->runController()
#12 /Applications/MAMP/htdocs/yii/framework/base/CApplication.php(169): CWebApplication->processRequest()
#13 /Applications/MAMP/htdocs/yii/sgdiscover/index.php(13): CWebApplication->run()
REQUEST_URI=/yii/sgdiscover/index.php?r=post
in /Applications/MAMP/htdocs/yii/sgdiscover/protected/controllers/PostController.php (139)
in /Applications/MAMP/htdocs/yii/sgdiscover/index.php (13)
2013/06/23 23:53:50 [error] [php] include(CActiveProvider.php): failed to open stream: No such file or directory (/Applications/MAMP/htdocs/yii/framework/YiiBase.php:421)
Stack trace:
#0 /Applications/MAMP/htdocs/yii/sgdiscover/protected/controllers/PostController.php(139): spl_autoload_call()
#1 /Applications/MAMP/htdocs/yii/framework/web/actions/CInlineAction.php(49): PostController->actionIndex()
#2 /Applications/MAMP/htdocs/yii/framework/web/CController.php(308): CInlineAction->runWithParams()
#3 /Applications/MAMP/htdocs/yii/framework/web/filters/CFilterChain.php(133): PostController->runAction()
#4 /Applications/MAMP/htdocs/yii/framework/web/filters/CFilter.php(40): CFilterChain->run()
#5 /Applications/MAMP/htdocs/yii/framework/web/CController.php(1145): CAccessControlFilter->filter()
#6 /Applications/MAMP/htdocs/yii/framework/web/filters/CInlineFilter.php(58): PostController->filterAccessControl()
#7 /Applications/MAMP/htdocs/yii/framework/web/filters/CFilterChain.php(130): CInlineFilter->filter()
#8 /Applications/MAMP/htdocs/yii/framework/web/CController.php(291): CFilterChain->run()
#9 /Applications/MAMP/htdocs/yii/framework/web/CController.php(265): PostController->runActionWithFilters()
#10 /Applications/MAMP/htdocs/yii/framework/web/CWebApplication.php(282): PostController->run()
#11 /Applications/MAMP/htdocs/yii/framework/web/CWebApplication.php(141): CWebApplication->runController()
#12 /Applications/MAMP/htdocs/yii/framework/base/CApplication.php(169): CWebApplication->processRequest()
#13 /Applications/MAMP/htdocs/yii/sgdiscover/index.php(13): CWebApplication->run()
REQUEST_URI=/yii/sgdiscover/index.php?r=post
in /Applications/MAMP/htdocs/yii/sgdiscover/protected/controllers/PostController.php (139)
in /Applications/MAMP/htdocs/yii/sgdiscover/index.php (13)
2013/06/27 16:54:25 [error] [php] include(CActiveProvider.php): failed to open stream: No such file or directory (/Applications/MAMP/htdocs/yii/framework/YiiBase.php:421)
Stack trace:
#0 /Applications/MAMP/htdocs/yii/sgdiscover/protected/controllers/PostController.php(139): spl_autoload_call()
#1 /Applications/MAMP/htdocs/yii/framework/web/actions/CInlineAction.php(49): PostController->actionIndex()
#2 /Applications/MAMP/htdocs/yii/framework/web/CController.php(308): CInlineAction->runWithParams()
#3 /Applications/MAMP/htdocs/yii/framework/web/filters/CFilterChain.php(133): PostController->runAction()
#4 /Applications/MAMP/htdocs/yii/framework/web/filters/CFilter.php(40): CFilterChain->run()
#5 /Applications/MAMP/htdocs/yii/framework/web/CController.php(1145): CAccessControlFilter->filter()
#6 /Applications/MAMP/htdocs/yii/framework/web/filters/CInlineFilter.php(58): PostController->filterAccessControl()
#7 /Applications/MAMP/htdocs/yii/framework/web/filters/CFilterChain.php(130): CInlineFilter->filter()
#8 /Applications/MAMP/htdocs/yii/framework/web/CController.php(291): CFilterChain->run()
#9 /Applications/MAMP/htdocs/yii/framework/web/CController.php(265): PostController->runActionWithFilters()
#10 /Applications/MAMP/htdocs/yii/framework/web/CWebApplication.php(282): PostController->run()
#11 /Applications/MAMP/htdocs/yii/framework/web/CWebApplication.php(141): CWebApplication->runController()
#12 /Applications/MAMP/htdocs/yii/framework/base/CApplication.php(169): CWebApplication->processRequest()
#13 /Applications/MAMP/htdocs/yii/sgdiscover/index.php(13): CWebApplication->run()
REQUEST_URI=/yii/sgdiscover/index.php?r=post
in /Applications/MAMP/htdocs/yii/sgdiscover/protected/controllers/PostController.php (139)
in /Applications/MAMP/htdocs/yii/sgdiscover/index.php (13)
2013/06/27 16:54:33 [error] [php] include(CActiveProvider.php): failed to open stream: No such file or directory (/Applications/MAMP/htdocs/yii/framework/YiiBase.php:421)
Stack trace:
#0 /Applications/MAMP/htdocs/yii/sgdiscover/protected/controllers/PostController.php(139): spl_autoload_call()
#1 /Applications/MAMP/htdocs/yii/framework/web/actions/CInlineAction.php(49): PostController->actionIndex()
#2 /Applications/MAMP/htdocs/yii/framework/web/CController.php(308): CInlineAction->runWithParams()
#3 /Applications/MAMP/htdocs/yii/framework/web/filters/CFilterChain.php(133): PostController->runAction()
#4 /Applications/MAMP/htdocs/yii/framework/web/filters/CFilter.php(40): CFilterChain->run()
#5 /Applications/MAMP/htdocs/yii/framework/web/CController.php(1145): CAccessControlFilter->filter()
#6 /Applications/MAMP/htdocs/yii/framework/web/filters/CInlineFilter.php(58): PostController->filterAccessControl()
#7 /Applications/MAMP/htdocs/yii/framework/web/filters/CFilterChain.php(130): CInlineFilter->filter()
#8 /Applications/MAMP/htdocs/yii/framework/web/CController.php(291): CFilterChain->run()
#9 /Applications/MAMP/htdocs/yii/framework/web/CController.php(265): PostController->runActionWithFilters()
#10 /Applications/MAMP/htdocs/yii/framework/web/CWebApplication.php(282): PostController->run()
#11 /Applications/MAMP/htdocs/yii/framework/web/CWebApplication.php(141): CWebApplication->runController()
#12 /Applications/MAMP/htdocs/yii/framework/base/CApplication.php(169): CWebApplication->processRequest()
#13 /Applications/MAMP/htdocs/yii/sgdiscover/index.php(13): CWebApplication->run()
REQUEST_URI=/yii/sgdiscover/index.php?r=post
in /Applications/MAMP/htdocs/yii/sgdiscover/protected/controllers/PostController.php (139)
in /Applications/MAMP/htdocs/yii/sgdiscover/index.php (13)
2013/06/27 17:36:44 [error] [php] include(CActiveProvider.php): failed to open stream: No such file or directory (/Applications/MAMP/htdocs/yii/framework/YiiBase.php:421)
Stack trace:
#0 /Applications/MAMP/htdocs/yii/sgdiscover/protected/controllers/PostController.php(139): spl_autoload_call()
#1 /Applications/MAMP/htdocs/yii/framework/web/actions/CInlineAction.php(49): PostController->actionIndex()
#2 /Applications/MAMP/htdocs/yii/framework/web/CController.php(308): CInlineAction->runWithParams()
#3 /Applications/MAMP/htdocs/yii/framework/web/filters/CFilterChain.php(133): PostController->runAction()
#4 /Applications/MAMP/htdocs/yii/framework/web/filters/CFilter.php(40): CFilterChain->run()
#5 /Applications/MAMP/htdocs/yii/framework/web/CController.php(1145): CAccessControlFilter->filter()
#6 /Applications/MAMP/htdocs/yii/framework/web/filters/CInlineFilter.php(58): PostController->filterAccessControl()
#7 /Applications/MAMP/htdocs/yii/framework/web/filters/CFilterChain.php(130): CInlineFilter->filter()
#8 /Applications/MAMP/htdocs/yii/framework/web/CController.php(291): CFilterChain->run()
#9 /Applications/MAMP/htdocs/yii/framework/web/CController.php(265): PostController->runActionWithFilters()
#10 /Applications/MAMP/htdocs/yii/framework/web/CWebApplication.php(282): PostController->run()
#11 /Applications/MAMP/htdocs/yii/framework/web/CWebApplication.php(141): CWebApplication->runController()
#12 /Applications/MAMP/htdocs/yii/framework/base/CApplication.php(169): CWebApplication->processRequest()
#13 /Applications/MAMP/htdocs/yii/sgdiscover/index.php(13): CWebApplication->run()
REQUEST_URI=/yii/sgdiscover/index.php?r=post
in /Applications/MAMP/htdocs/yii/sgdiscover/protected/controllers/PostController.php (139)
in /Applications/MAMP/htdocs/yii/sgdiscover/index.php (13)
2013/06/27 17:36:47 [error] [php] include(CActiveProvider.php): failed to open stream: No such file or directory (/Applications/MAMP/htdocs/yii/framework/YiiBase.php:421)
Stack trace:
#0 /Applications/MAMP/htdocs/yii/sgdiscover/protected/controllers/PostController.php(139): spl_autoload_call()
#1 /Applications/MAMP/htdocs/yii/framework/web/actions/CInlineAction.php(49): PostController->actionIndex()
#2 /Applications/MAMP/htdocs/yii/framework/web/CController.php(308): CInlineAction->runWithParams()
#3 /Applications/MAMP/htdocs/yii/framework/web/filters/CFilterChain.php(133): PostController->runAction()
#4 /Applications/MAMP/htdocs/yii/framework/web/filters/CFilter.php(40): CFilterChain->run()
#5 /Applications/MAMP/htdocs/yii/framework/web/CController.php(1145): CAccessControlFilter->filter()
#6 /Applications/MAMP/htdocs/yii/framework/web/filters/CInlineFilter.php(58): PostController->filterAccessControl()
#7 /Applications/MAMP/htdocs/yii/framework/web/filters/CFilterChain.php(130): CInlineFilter->filter()
#8 /Applications/MAMP/htdocs/yii/framework/web/CController.php(291): CFilterChain->run()
#9 /Applications/MAMP/htdocs/yii/framework/web/CController.php(265): PostController->runActionWithFilters()
#10 /Applications/MAMP/htdocs/yii/framework/web/CWebApplication.php(282): PostController->run()
#11 /Applications/MAMP/htdocs/yii/framework/web/CWebApplication.php(141): CWebApplication->runController()
#12 /Applications/MAMP/htdocs/yii/framework/base/CApplication.php(169): CWebApplication->processRequest()
#13 /Applications/MAMP/htdocs/yii/sgdiscover/index.php(13): CWebApplication->run()
REQUEST_URI=/yii/sgdiscover/index.php?r=post
in /Applications/MAMP/htdocs/yii/sgdiscover/protected/controllers/PostController.php (139)
in /Applications/MAMP/htdocs/yii/sgdiscover/index.php (13)
2013/06/27 17:42:16 [error] [php] include(CActiveProvider.php): failed to open stream: No such file or directory (/Applications/MAMP/htdocs/yii/framework/YiiBase.php:421)
Stack trace:
#0 /Applications/MAMP/htdocs/yii/sgdiscover/protected/controllers/PostController.php(139): spl_autoload_call()
#1 /Applications/MAMP/htdocs/yii/framework/web/actions/CInlineAction.php(49): PostController->actionIndex()
#2 /Applications/MAMP/htdocs/yii/framework/web/CController.php(308): CInlineAction->runWithParams()
#3 /Applications/MAMP/htdocs/yii/framework/web/filters/CFilterChain.php(133): PostController->runAction()
#4 /Applications/MAMP/htdocs/yii/framework/web/filters/CFilter.php(40): CFilterChain->run()
#5 /Applications/MAMP/htdocs/yii/framework/web/CController.php(1145): CAccessControlFilter->filter()
#6 /Applications/MAMP/htdocs/yii/framework/web/filters/CInlineFilter.php(58): PostController->filterAccessControl()
#7 /Applications/MAMP/htdocs/yii/framework/web/filters/CFilterChain.php(130): CInlineFilter->filter()
#8 /Applications/MAMP/htdocs/yii/framework/web/CController.php(291): CFilterChain->run()
#9 /Applications/MAMP/htdocs/yii/framework/web/CController.php(265): PostController->runActionWithFilters()
#10 /Applications/MAMP/htdocs/yii/framework/web/CWebApplication.php(282): PostController->run()
#11 /Applications/MAMP/htdocs/yii/framework/web/CWebApplication.php(141): CWebApplication->runController()
#12 /Applications/MAMP/htdocs/yii/framework/base/CApplication.php(169): CWebApplication->processRequest()
#13 /Applications/MAMP/htdocs/yii/sgdiscover/index.php(13): CWebApplication->run()
REQUEST_URI=/yii/sgdiscover/index.php?r=post
in /Applications/MAMP/htdocs/yii/sgdiscover/protected/controllers/PostController.php (139)
in /Applications/MAMP/htdocs/yii/sgdiscover/index.php (13)
2013/06/27 17:42:23 [error] [php] include(CActiveProvider.php): failed to open stream: No such file or directory (/Applications/MAMP/htdocs/yii/framework/YiiBase.php:421)
Stack trace:
#0 /Applications/MAMP/htdocs/yii/sgdiscover/protected/controllers/PostController.php(139): spl_autoload_call()
#1 /Applications/MAMP/htdocs/yii/framework/web/actions/CInlineAction.php(49): PostController->actionIndex()
#2 /Applications/MAMP/htdocs/yii/framework/web/CController.php(308): CInlineAction->runWithParams()
#3 /Applications/MAMP/htdocs/yii/framework/web/filters/CFilterChain.php(133): PostController->runAction()
#4 /Applications/MAMP/htdocs/yii/framework/web/filters/CFilter.php(40): CFilterChain->run()
#5 /Applications/MAMP/htdocs/yii/framework/web/CController.php(1145): CAccessControlFilter->filter()
#6 /Applications/MAMP/htdocs/yii/framework/web/filters/CInlineFilter.php(58): PostController->filterAccessControl()
#7 /Applications/MAMP/htdocs/yii/framework/web/filters/CFilterChain.php(130): CInlineFilter->filter()
#8 /Applications/MAMP/htdocs/yii/framework/web/CController.php(291): CFilterChain->run()
#9 /Applications/MAMP/htdocs/yii/framework/web/CController.php(265): PostController->runActionWithFilters()
#10 /Applications/MAMP/htdocs/yii/framework/web/CWebApplication.php(282): PostController->run()
#11 /Applications/MAMP/htdocs/yii/framework/web/CWebApplication.php(141): CWebApplication->runController()
#12 /Applications/MAMP/htdocs/yii/framework/base/CApplication.php(169): CWebApplication->processRequest()
#13 /Applications/MAMP/htdocs/yii/sgdiscover/index.php(13): CWebApplication->run()
REQUEST_URI=/yii/sgdiscover/index.php?r=post
in /Applications/MAMP/htdocs/yii/sgdiscover/protected/controllers/PostController.php (139)
in /Applications/MAMP/htdocs/yii/sgdiscover/index.php (13)
